<?xml version="1.0" encoding="UTF-8"?>
<testng-results skipped="0" failed="0" ignored="0" total="1" passed="1">
  <reporter-output>
  </reporter-output>
  <suite name="Default suite" duration-ms="5590" started-at="2024-03-11T17:17:31Z" finished-at="2024-03-11T17:17:36Z">
    <groups>
    </groups>
    <test name="Default test" duration-ms="5590" started-at="2024-03-11T17:17:31Z" finished-at="2024-03-11T17:17:36Z">
      <class name="org.projectclass.BaseClass">
        <test-method status="PASS" signature="Beforeclasss()[pri:0, instance:org.projectclass.BaseClass@1ce92674]" name="Beforeclasss" is-config="true" duration-ms="3899" started-at="2024-03-11T17:17:31Z" finished-at="2024-03-11T17:17:34Z">
          <reporter-output>
          </reporter-output>
        </test-method> <!-- Beforeclasss -->
        <test-method status="PASS" signature="login()[pri:0, instance:org.projectclass.BaseClass@1ce92674]" name="login" duration-ms="1677" started-at="2024-03-11T17:17:34Z" finished-at="2024-03-11T17:17:36Z">
          <reporter-output>
          </reporter-output>
        </test-method> <!-- login -->
      </class> <!-- org.projectclass.BaseClass -->
    </test> <!-- Default test -->
  </suite> <!-- Default suite -->
</testng-results>
